[debug] [2020-02-23T01:18:24.739Z] ----------------------------------------------------------------------
[debug] [2020-02-23T01:18:24.742Z] Command:       C:\Program Files\nodejs\node.exe C:\Users\neand\AppData\Roaming\npm\node_modules\firebase-tools\lib\bin\firebase.js init
[debug] [2020-02-23T01:18:24.742Z] CLI Version:   7.11.0
[debug] [2020-02-23T01:18:24.742Z] Platform:      win32
[debug] [2020-02-23T01:18:24.742Z] Node Version:  v10.16.3
[debug] [2020-02-23T01:18:24.751Z] Time:          Sat Feb 22 2020 22:18:24 GMT-0300 (GMT-03:00)
[debug] [2020-02-23T01:18:24.751Z] ----------------------------------------------------------------------
[debug] [2020-02-23T01:18:24.751Z] 
[debug] [2020-02-23T01:18:24.768Z] > command requires scopes: ["email","openid","https://www.googleapis.com/auth/cloudplatformprojects.readonly","https://www.googleapis.com/auth/firebase","https://www.googleapis.com/auth/cloud-platform"]
[debug] [2020-02-23T01:18:24.769Z] > authorizing via signed-in user
[info] 
     ######## #### ########  ######## ########     ###     ######  ########
     ##        ##  ##     ## ##       ##     ##  ##   ##  ##       ##
     ######    ##  ########  ######   ########  #########  ######  ######
     ##        ##  ##    ##  ##       ##     ## ##     ##       ## ##
     ##       #### ##     ## ######## ########  ##     ##  ######  ########

You're about to initialize a Firebase project in this directory:

  C:\Users\neand\Documents\Git\ProgramAcad\program-acad-admin

[info] 
=== Project Setup
[info] 
[info] First, let's associate this project directory with a Firebase project.
[info] You can create multiple project aliases by running firebase use --add, 
[info] but for now we'll just set up a default project.
[info] 
[debug] [2020-02-23T01:18:48.525Z] > refreshing access token with scopes: ["email","https://www.googleapis.com/auth/cloud-platform","https://www.googleapis.com/auth/cloudplatformprojects.readonly","https://www.googleapis.com/auth/firebase","openid"]
[debug] [2020-02-23T01:18:48.526Z] >>> HTTP REQUEST POST https://www.googleapis.com/oauth2/v3/token  
 <request body omitted>
[debug] [2020-02-23T01:18:49.071Z] <<< HTTP RESPONSE 200
[debug] [2020-02-23T01:18:49.080Z] >>> HTTP REQUEST GET https://firebase.googleapis.com/v1beta1/projects?pageSize=100  
 
[debug] [2020-02-23T01:18:51.600Z] <<< HTTP RESPONSE 200
[info] i  Using project program-acad (program-acad)
[info] 
=== Hosting Setup
[info] 
[info] Your public directory is the folder (relative to your project directory) that
[info] will contain Hosting assets to be uploaded with firebase deploy. If you
[info] have a build process for your assets, use your build's output directory.
[info] 
